{"/Users/danmarshall/Documents/Makers/speedaisle/models/list.js": {"path":"/Users/danmarshall/Documents/Makers/speedaisle/models/list.js","statementMap":{"0":{"start":{"line":5,"column":4},"end":{"line":5,"column":14}},"1":{"start":{"line":9,"column":0},"end":{"line":9,"column":22}}},"fnMap":{"0":{"name":"(anonymous_0)","decl":{"start":{"line":4,"column":2},"end":{"line":4,"column":3}},"loc":{"start":{"line":4,"column":13},"end":{"line":6,"column":3}},"line":4}},"branchMap":{},"s":{"0":1,"1":1},"f":{"0":1},"b":{},"_coverageSchema":"1a1c01bbd47fc00a2c39e90264f33305004495a9","hash":"f205553ae3c24c17b91e153c67ade7060f823b85"}
}
